<?xml version="1.0" encoding="UTF-8"?>
<testsuite xmlns:xsi="http://www.w3.org/2001/XMLSchema-instance" xsi:noNamespaceSchemaLocation="https://maven.apache.org/surefire/maven-surefire-plugin/xsd/surefire-test-report-3.0.xsd" version="3.0" name="PlayerTest" time="0.218" tests="4" errors="0" skipped="0" failures="0">
  <properties>
    <property name="java.specification.version" value="17"/>
    <property name="sun.cpu.isalist" value="amd64"/>
    <property name="sun.jnu.encoding" value="Cp1252"/>
    <property name="java.class.path" value="C:\Users\jdubo\Documents\JavaProjects\SuperStarTrak\deez\target\test-classes;C:\Users\jdubo\Documents\JavaProjects\SuperStarTrak\deez\target\classes;C:\Users\jdubo\.m2\repository\junit\junit\4.13.1\junit-4.13.1.jar;C:\Users\jdubo\.m2\repository\org\hamcrest\hamcrest-core\1.3\hamcrest-core-1.3.jar;C:\Users\jdubo\.m2\repository\com\googlecode\json-simple\json-simple\1.1.1\json-simple-1.1.1.jar;C:\Users\jdubo\.m2\repository\com\google\code\gson\gson\2.10.1\gson-2.10.1.jar;C:\Users\jdubo\.m2\repository\com\google\guava\guava\16.0.1\guava-16.0.1.jar;"/>
    <property name="java.vm.vendor" value="Oracle Corporation"/>
    <property name="sun.arch.data.model" value="64"/>
    <property name="user.variant" value=""/>
    <property name="java.vendor.url" value="https://java.oracle.com/"/>
    <property name="user.timezone" value="America/Chicago"/>
    <property name="os.name" value="Windows 10"/>
    <property name="java.vm.specification.version" value="17"/>
    <property name="sun.java.launcher" value="SUN_STANDARD"/>
    <property name="user.country" value="US"/>
    <property name="sun.boot.library.path" value="C:\Program Files\Java\jdk-17.0.1\bin"/>
    <property name="sun.java.command" value="C:\Users\jdubo\AppData\Local\Temp\surefire6249256506718039238\surefirebooter-20231113152808066_3.jar C:\Users\jdubo\AppData\Local\Temp\surefire6249256506718039238 2023-11-13T15-28-07_789-jvmRun1 surefire-20231113152808066_1tmp surefire_0-20231113152808066_2tmp"/>
    <property name="jdk.debug" value="release"/>
    <property name="surefire.test.class.path" value="C:\Users\jdubo\Documents\JavaProjects\SuperStarTrak\deez\target\test-classes;C:\Users\jdubo\Documents\JavaProjects\SuperStarTrak\deez\target\classes;C:\Users\jdubo\.m2\repository\junit\junit\4.13.1\junit-4.13.1.jar;C:\Users\jdubo\.m2\repository\org\hamcrest\hamcrest-core\1.3\hamcrest-core-1.3.jar;C:\Users\jdubo\.m2\repository\com\googlecode\json-simple\json-simple\1.1.1\json-simple-1.1.1.jar;C:\Users\jdubo\.m2\repository\com\google\code\gson\gson\2.10.1\gson-2.10.1.jar;C:\Users\jdubo\.m2\repository\com\google\guava\guava\16.0.1\guava-16.0.1.jar;"/>
    <property name="sun.cpu.endian" value="little"/>
    <property name="user.home" value="C:\Users\jdubo"/>
    <property name="user.language" value="en"/>
    <property name="java.specification.vendor" value="Oracle Corporation"/>
    <property name="java.version.date" value="2021-10-19"/>
    <property name="java.home" value="C:\Program Files\Java\jdk-17.0.1"/>
    <property name="file.separator" value="\"/>
    <property name="basedir" value="C:\Users\jdubo\Documents\JavaProjects\SuperStarTrak\deez"/>
    <property name="java.vm.compressedOopsMode" value="32-bit"/>
    <property name="line.separator" value="&#10;"/>
    <property name="java.vm.specification.vendor" value="Oracle Corporation"/>
    <property name="java.specification.name" value="Java Platform API Specification"/>
    <property name="surefire.real.class.path" value="C:\Users\jdubo\AppData\Local\Temp\surefire6249256506718039238\surefirebooter-20231113152808066_3.jar"/>
    <property name="user.script" value=""/>
    <property name="sun.management.compiler" value="HotSpot 64-Bit Tiered Compilers"/>
    <property name="java.runtime.version" value="17.0.1+12-LTS-39"/>
    <property name="user.name" value="jdubo"/>
    <property name="path.separator" value=";"/>
    <property name="os.version" value="10.0"/>
    <property name="java.runtime.name" value="Java(TM) SE Runtime Environment"/>
    <property name="file.encoding" value="Cp1252"/>
    <property name="java.vm.name" value="Java HotSpot(TM) 64-Bit Server VM"/>
    <property name="localRepository" value="C:\Users\jdubo\.m2\repository"/>
    <property name="java.vendor.url.bug" value="https://bugreport.java.com/bugreport/"/>
    <property name="java.io.tmpdir" value="C:\Users\jdubo\AppData\Local\Temp\"/>
    <property name="java.version" value="17.0.1"/>
    <property name="user.dir" value="C:\Users\jdubo\Documents\JavaProjects\SuperStarTrak\deez"/>
    <property name="os.arch" value="amd64"/>
    <property name="java.vm.specification.name" value="Java Virtual Machine Specification"/>
    <property name="sun.os.patch.level" value=""/>
    <property name="native.encoding" value="Cp1252"/>
    <property name="java.library.path" value="C:\Program Files\Java\jdk-17.0.1\bin;C:\WINDOWS\Sun\Java\bin;C:\WINDOWS\system32;C:\WINDOWS;C:\Program Files\Common Files\Oracle\Java\javapath;C:\WINDOWS\system32;C:\WINDOWS;C:\WINDOWS\System32\Wbem;C:\WINDOWS\System32\WindowsPowerShell\v1.0\;C:\WINDOWS\System32\OpenSSH\;C:\Program Files\dotnet\;C:\Program Files\Git\cmd;C:\Program Files\Microsoft SQL Server\150\Tools\Binn\;C:\Program Files\Microsoft SQL Server\Client SDK\ODBC\170\Tools\Binn\;C:\Users\jdubo\.cargo\bin;C:\Program Files\MySQL\MySQL Shell 8.0\bin\;C:\Users\jdubo\AppData\Local\Microsoft\WindowsApps;C:\Users\jdubo\AppData\Local\Programs\Microsoft VS Code\bin;C:\Users\jdubo\.dotnet\tools;C:\Users\jdubo\AppData\Local\GitHubDesktop\bin;;C:\Program Files\JetBrains\IntelliJ IDEA 2023.2.1\bin;C:\msys64\mingw64\bin\;C:\Program Files (x86)\apache-maven-3.9.4\bin;;C:\Program Files\JetBrains\JetBrains Rider 2023.2.1\bin;;."/>
    <property name="java.vm.info" value="mixed mode, sharing"/>
    <property name="java.vendor" value="Oracle Corporation"/>
    <property name="java.vm.version" value="17.0.1+12-LTS-39"/>
    <property name="sun.io.unicode.encoding" value="UnicodeLittle"/>
    <property name="java.class.version" value="61.0"/>
  </properties>
  <testcase name="PlayerDocked" classname="PlayerTest" time="0.013"/>
  <testcase name="PlayerHealth" classname="PlayerTest" time="0.0"/>
  <testcase name="PlayerDamaged" classname="PlayerTest" time="0.0"/>
  <testcase name="PlayerInOrbit" classname="PlayerTest" time="0.0"/>
</testsuite>